
LOGWARNING
2017-06-22_23:38:21 FILE:../src/CharactorMgr/CharactorLogin.cpp FUNC:On_MSG_REQUEST_MSG_REQ_C2GT_HEARTBEAT LINE:97
 	  Message:channel[36] heart beat [1498145901013]
LOGWARNING
2017-06-22_23:38:31 FILE:../src/CharactorMgr/CharactorLogin.cpp FUNC:On_MSG_REQUEST_MSG_REQ_C2GT_HEARTBEAT LINE:97
 	  Message:channel[36] heart beat [1498145911016]
LOGWARNING
2017-06-22_23:38:37 FILE:../src/CharactorMgr/CharactorLogin.cpp FUNC:On_MSG_REQUEST_MSG_REQ_C2GT_HEARTBEAT LINE:97
 	  Message:channel[36] heart beat [1498145917015]
LOGWARNING
2017-06-22_23:38:43 FILE:../src/CharactorMgr/CharactorLogin.cpp FUNC:On_MSG_REQUEST_MSG_REQ_C2GT_HEARTBEAT LINE:97
 	  Message:channel[36] heart beat [1498145923023]
LOGWARNING
2017-06-22_23:38:47 FILE:../src/ServerManager.cpp FUNC:on_channel_error LINE:468
 	  Message:ServerConHandler::PlayerExitEx(const int &channel, bool flag)..................................
LOGWARNING
2017-06-22_23:38:47 FILE:../src/ServerManager.cpp FUNC:PlayerExit LINE:879
 	  Message:player exit and close channel[36]
LOGWARNING
2017-06-22_23:39:20 FILE:../src/ServerManager.cpp FUNC:checkConnect LINE:260
 	  Message:close error connected channel[36]